# JRE version: Java(TM) SE Runtime Environment (8.0_191-b12) (build 1.8.0_191-b12)
# Java VM: Java HotSpot(TM) 64-Bit Server VM (25.191-b12 mixed mode windows-amd64 compressed oops)
Heap:
 PSYoungGen      total 54784K, used 16111K [0x00000000eab00000, 0x00000000ee680000, 0x0000000100000000)
  eden space 49664K, 24% used [0x00000000eab00000,0x00000000eb6eaf50,0x00000000edb80000)
  from space 5120K, 76% used [0x00000000ee180000,0x00000000ee550d20,0x00000000ee680000)
  to   space 5632K, 0% used [0x00000000edb80000,0x00000000edb80000,0x00000000ee100000)
 ParOldGen       total 26112K, used 9804K [0x00000000c0000000, 0x00000000c1980000, 0x00000000eab00000)
  object space 26112K, 37% used [0x00000000c0000000,0x00000000c0993218,0x00000000c1980000)
 Metaspace       used 27421K, capacity 27860K, committed 28160K, reserved 1073152K
  class space    used 3449K, capacity 3559K, committed 3584K, reserved 1048576K
GC Heap History (10 events):
Event: 15.705 GC heap before
{Heap before GC invocations=9 (full 1):
 PSYoungGen      total 37376K, used 2690K [0x00000000eab00000, 0x00000000ed500000, 0x0000000100000000)
  eden space 31744K, 0% used [0x00000000eab00000,0x00000000eab00000,0x00000000eca00000)
  from space 5632K, 47% used [0x00000000ecf80000,0x00000000ed220bb0,0x00000000ed500000)
  to   space 5632K, 0% used [0x00000000eca00000,0x00000000eca00000,0x00000000ecf80000)
 ParOldGen       total 44032K, used 10967K [0x00000000c0000000, 0x00000000c2b00000, 0x00000000eab00000)
  object space 44032K, 24% used [0x00000000c0000000,0x00000000c0ab5cf0,0x00000000c2b00000)
 Metaspace       used 20795K, capacity 21138K, committed 21296K, reserved 1069056K
  class space    used 2581K, capacity 2668K, committed 2688K, reserved 1048576K
Event: 15.790 GC heap after
Heap after GC invocations=9 (full 1):
 PSYoungGen      total 37376K, used 0K [0x00000000eab00000, 0x00000000ed500000, 0x0000000100000000)
  eden space 31744K, 0% used [0x00000000eab00000,0x00000000eab00000,0x00000000eca00000)
  from space 5632K, 0% used [0x00000000ecf80000,0x00000000ecf80000,0x00000000ed500000)
  to   space 5632K, 0% used [0x00000000eca00000,0x00000000eca00000,0x00000000ecf80000)
 ParOldGen       total 26112K, used 5659K [0x00000000c0000000, 0x00000000c1980000, 0x00000000eab00000)
  object space 26112K, 21% used [0x00000000c0000000,0x00000000c0586cf0,0x00000000c1980000)
 Metaspace       used 20795K, capacity 21138K, committed 21296K, reserved 1069056K
  class space    used 2581K, capacity 2668K, committed 2688K, reserved 1048576K
}
Event: 17.791 GC heap before
{Heap before GC invocations=10 (full 1):
 PSYoungGen      total 37376K, used 31744K [0x00000000eab00000, 0x00000000ed500000, 0x0000000100000000)
  eden space 31744K, 100% used [0x00000000eab00000,0x00000000eca00000,0x00000000eca00000)
  from space 5632K, 0% used [0x00000000ecf80000,0x00000000ecf80000,0x00000000ed500000)
  to   space 5632K, 0% used [0x00000000eca00000,0x00000000eca00000,0x00000000ecf80000)
 ParOldGen       total 26112K, used 5659K [0x00000000c0000000, 0x00000000c1980000, 0x00000000eab00000)
  object space 26112K, 21% used [0x00000000c0000000,0x00000000c0586cf0,0x00000000c1980000)
 Metaspace       used 21338K, capacity 21668K, committed 21936K, reserved 1069056K
  class space    used 2636K, capacity 2735K, committed 2816K, reserved 1048576K
Event: 17.853 GC heap after
Heap after GC invocations=10 (full 1):
 PSYoungGen      total 37376K, used 3093K [0x00000000eab00000, 0x00000000ee700000, 0x0000000100000000)
  eden space 31744K, 0% used [0x00000000eab00000,0x00000000eab00000,0x00000000eca00000)
  from space 5632K, 54% used [0x00000000eca00000,0x00000000ecd054a0,0x00000000ecf80000)
  to   space 5632K, 0% used [0x00000000ee180000,0x00000000ee180000,0x00000000ee700000)
 ParOldGen       total 26112K, used 5659K [0x00000000c0000000, 0x00000000c1980000, 0x00000000eab00000)
  object space 26112K, 21% used [0x00000000c0000000,0x00000000c0586cf0,0x00000000c1980000)
 Metaspace       used 21338K, capacity 21668K, committed 21936K, reserved 1069056K
  class space    used 2636K, capacity 2735K, committed 2816K, reserved 1048576K
}
Event: 20.601 GC heap before
{Heap before GC invocations=11 (full 1):
 PSYoungGen      total 37376K, used 34837K [0x00000000eab00000, 0x00000000ee700000, 0x0000000100000000)
  eden space 31744K, 100% used [0x00000000eab00000,0x00000000eca00000,0x00000000eca00000)
  from space 5632K, 54% used [0x00000000eca00000,0x00000000ecd054a0,0x00000000ecf80000)
  to   space 5632K, 0% used [0x00000000ee180000,0x00000000ee180000,0x00000000ee700000)
 ParOldGen       total 26112K, used 5659K [0x00000000c0000000, 0x00000000c1980000, 0x00000000eab00000)
  object space 26112K, 21% used [0x00000000c0000000,0x00000000c0586cf0,0x00000000c1980000)
 Metaspace       used 23164K, capacity 23484K, committed 23808K, reserved 1071104K
  class space    used 2893K, capacity 2995K, committed 3072K, reserved 1048576K
Event: 20.640 GC heap after
Heap after GC invocations=11 (full 1):
 PSYoungGen      total 54784K, used 4663K [0x00000000eab00000, 0x00000000ee680000, 0x0000000100000000)
  eden space 49664K, 0% used [0x00000000eab00000,0x00000000eab00000,0x00000000edb80000)
  from space 5120K, 91% used [0x00000000ee180000,0x00000000ee60dc70,0x00000000ee680000)
  to   space 5632K, 0% used [0x00000000edb80000,0x00000000edb80000,0x00000000ee100000)
 ParOldGen       total 26112K, used 5667K [0x00000000c0000000, 0x00000000c1980000, 0x00000000eab00000)
  object space 26112K, 21% used [0x00000000c0000000,0x00000000c0588cf0,0x00000000c1980000)
 Metaspace       used 23164K, capacity 23484K, committed 23808K, reserved 1071104K
  class space    used 2893K, capacity 2995K, committed 3072K, reserved 1048576K
}
Event: 25.524 GC heap before
{Heap before GC invocations=12 (full 1):
 PSYoungGen      total 54784K, used 54327K [0x00000000eab00000, 0x00000000ee680000, 0x0000000100000000)
  eden space 49664K, 100% used [0x00000000eab00000,0x00000000edb80000,0x00000000edb80000)
  from space 5120K, 91% used [0x00000000ee180000,0x00000000ee60dc70,0x00000000ee680000)
  to   space 5632K, 0% used [0x00000000edb80000,0x00000000edb80000,0x00000000ee100000)
 ParOldGen       total 26112K, used 5667K [0x00000000c0000000, 0x00000000c1980000, 0x00000000eab00000)
  object space 26112K, 21% used [0x00000000c0000000,0x00000000c0588cf0,0x00000000c1980000)
 Metaspace       used 25600K, capacity 25958K, committed 26112K, reserved 1073152K
  class space    used 3216K, capacity 3322K, committed 3328K, reserved 1048576K
Event: 25.555 GC heap after
Heap after GC invocations=12 (full 1):
 PSYoungGen      total 55296K, used 3993K [0x00000000eab00000, 0x00000000ee680000, 0x0000000100000000)
  eden space 49664K, 0% used [0x00000000eab00000,0x00000000eab00000,0x00000000edb80000)
  from space 5632K, 70% used [0x00000000edb80000,0x00000000edf665e8,0x00000000ee100000)
  to   space 5120K, 0% used [0x00000000ee180000,0x00000000ee180000,0x00000000ee680000)
 ParOldGen       total 26112K, used 7607K [0x00000000c0000000, 0x00000000c1980000, 0x00000000eab00000)
  object space 26112K, 29% used [0x00000000c0000000,0x00000000c076dd20,0x00000000c1980000)
 Metaspace       used 25600K, capacity 25958K, committed 26112K, reserved 1073152K
  class space    used 3216K, capacity 3322K, committed 3328K, reserved 1048576K
}
Event: 29.117 GC heap before
{Heap before GC invocations=13 (full 1):
 PSYoungGen      total 55296K, used 53657K [0x00000000eab00000, 0x00000000ee680000, 0x0000000100000000)
  eden space 49664K, 100% used [0x00000000eab00000,0x00000000edb80000,0x00000000edb80000)
  from space 5632K, 70% used [0x00000000edb80000,0x00000000edf665e8,0x00000000ee100000)
  to   space 5120K, 0% used [0x00000000ee180000,0x00000000ee180000,0x00000000ee680000)
 ParOldGen       total 26112K, used 7607K [0x00000000c0000000, 0x00000000c1980000, 0x00000000eab00000)
  object space 26112K, 29% used [0x00000000c0000000,0x00000000c076dd20,0x00000000c1980000)
 Metaspace       used 27135K, capacity 27566K, committed 27904K, reserved 1073152K
  class space    used 3410K, capacity 3526K, committed 3584K, reserved 1048576K
Event: 29.156 GC heap after
Heap after GC invocations=13 (full 1):
 PSYoungGen      total 54784K, used 3907K [0x00000000eab00000, 0x00000000ee680000, 0x0000000100000000)
  eden space 49664K, 0% used [0x00000000eab00000,0x00000000eab00000,0x00000000edb80000)
  from space 5120K, 76% used [0x00000000ee180000,0x00000000ee550d20,0x00000000ee680000)
  to   space 5632K, 0% used [0x00000000edb80000,0x00000000edb80000,0x00000000ee100000)
 ParOldGen       total 26112K, used 9804K [0x00000000c0000000, 0x00000000c1980000, 0x00000000eab00000)
  object space 26112K, 37% used [0x00000000c0000000,0x00000000c0993218,0x00000000c1980000)
 Metaspace       used 27135K, capacity 27566K, committed 27904K, reserved 1073152K
  class space    used 3410K, capacity 3526K, committed 3584K, reserved 1048576K
}

